<?xml version="1.0" encoding="UTF-8"?>
<testsuite xmlns:xsi="http://www.w3.org/2001/XMLSchema-instance" xsi:noNamespaceSchemaLocation="https://maven.apache.org/surefire/maven-surefire-plugin/xsd/surefire-test-report.xsd" name="com.example.hastobe.controller.RateControllerTest" time="17.517" tests="15" errors="0" skipped="0" failures="0">
  <properties>
[...]
</properties>
  <testcase name="whenRateTransactionHasNegativeValue_thenReturns400" classname="com.example.hastobe.controller.RateControllerTest" time="0.472"/>
  <testcase name="whenCdrMeterStartHasNullValue_thenReturns400" classname="com.example.hastobe.controller.RateControllerTest" time="0.089"/>
  <testcase name="whenCdrMeterStopHasNegativeValue_thenReturns400" classname="com.example.hastobe.controller.RateControllerTest" time="0.048"/>
  <testcase name="whenRateTransactionHasNullValue_thenReturns400" classname="com.example.hastobe.controller.RateControllerTest" time="0.045"/>
  <testcase name="whenCdrMeterStopHasNullValue_thenReturns400" classname="com.example.hastobe.controller.RateControllerTest" time="0.053"/>
  <testcase name="whenRateTimeHasNegativeValue_thenReturns400" classname="com.example.hastobe.controller.RateControllerTest" time="0.062"/>
  <testcase name="whenCdrHasNullValue_thenReturns400" classname="com.example.hastobe.controller.RateControllerTest" time="0.036"/>
  <testcase name="whenCdrTimestampStartHasNullValue_thenReturns400" classname="com.example.hastobe.controller.RateControllerTest" time="0.037"/>
  <testcase name="whenCdrTimestampStopHasNullValue_thenReturns400" classname="com.example.hastobe.controller.RateControllerTest" time="0.052"/>
  <testcase name="whenRateTimeHasNullValue_thenReturns400" classname="com.example.hastobe.controller.RateControllerTest" time="0.046"/>
  <testcase name="whenCdrMeterStartHasNegativeValue_thenReturns400" classname="com.example.hastobe.controller.RateControllerTest" time="0.045"/>
  <testcase name="whenRateEnergyHasNullValue_thenReturns400" classname="com.example.hastobe.controller.RateControllerTest" time="0.069"/>
  <testcase name="whenRateEnergyHasNegativeValue_thenReturns400" classname="com.example.hastobe.controller.RateControllerTest" time="0.026"/>
  <testcase name="whenRateNullValue_thenReturns400" classname="com.example.hastobe.controller.RateControllerTest" time="0.027"/>
  <testcase name="calculateRateStatusOK" classname="com.example.hastobe.controller.RateControllerTest" time="0.099"/>
</testsuite>